{"/home/djordan/www/tarefaProg2/src/db.js": {"path":"/home/djordan/www/tarefaProg2/src/db.js","statementMap":{"0":{"start":{"line":1,"column":22},"end":{"line":1,"column":42}},"1":{"start":{"line":2,"column":15},"end":{"line":2,"column":41}},"2":{"start":{"line":4,"column":12},"end":{"line":4,"column":49}},"3":{"start":{"line":5,"column":17},"end":{"line":5,"column":28}},"4":{"start":{"line":7,"column":18},"end":{"line":17,"column":1}},"5":{"start":{"line":19,"column":0},"end":{"line":19,"column":27}}},"fnMap":{},"branchMap":{"0":{"loc":{"start":{"line":4,"column":12},"end":{"line":4,"column":49}},"type":"binary-expr","locations":[{"start":{"line":4,"column":12},"end":{"line":4,"column":32}},{"start":{"line":4,"column":36},"end":{"line":4,"column":49}}],"line":4},"1":{"loc":{"start":{"line":14,"column":13},"end":{"line":14,"column":66}},"type":"cond-expr","locations":[{"start":{"line":14,"column":47},"end":{"line":14,"column":52}},{"start":{"line":14,"column":55},"end":{"line":14,"column":66}}],"line":14}},"s":{"0":1,"1":1,"2":1,"3":1,"4":1,"5":1},"f":{},"b":{"0":[1,0],"1":[1,0]},"_coverageSchema":"1a1c01bbd47fc00a2c39e90264f33305004495a9","hash":"c5af4045ec916378ad0b0b2a3f5c032b89669481"}
,"/home/djordan/www/tarefaProg2/src/config/config.js": {"path":"/home/djordan/www/tarefaProg2/src/config/config.js","statementMap":{"0":{"start":{"line":1,"column":0},"end":{"line":1,"column":27}},"1":{"start":{"line":3,"column":0},"end":{"line":30,"column":2}}},"fnMap":{},"branchMap":{"0":{"loc":{"start":{"line":5,"column":14},"end":{"line":5,"column":43}},"type":"binary-expr","locations":[{"start":{"line":5,"column":14},"end":{"line":5,"column":33}},{"start":{"line":5,"column":37},"end":{"line":5,"column":43}}],"line":5},"1":{"loc":{"start":{"line":6,"column":14},"end":{"line":6,"column":43}},"type":"binary-expr","locations":[{"start":{"line":6,"column":14},"end":{"line":6,"column":37}},{"start":{"line":6,"column":41},"end":{"line":6,"column":43}}],"line":6},"2":{"loc":{"start":{"line":7,"column":14},"end":{"line":7,"column":54}},"type":"binary-expr","locations":[{"start":{"line":7,"column":14},"end":{"line":7,"column":33}},{"start":{"line":7,"column":37},"end":{"line":7,"column":54}}],"line":7},"3":{"loc":{"start":{"line":8,"column":10},"end":{"line":8,"column":44}},"type":"binary-expr","locations":[{"start":{"line":8,"column":10},"end":{"line":8,"column":29}},{"start":{"line":8,"column":33},"end":{"line":8,"column":44}}],"line":8},"4":{"loc":{"start":{"line":14,"column":14},"end":{"line":14,"column":48}},"type":"binary-expr","locations":[{"start":{"line":14,"column":14},"end":{"line":14,"column":38}},{"start":{"line":14,"column":42},"end":{"line":14,"column":48}}],"line":14},"5":{"loc":{"start":{"line":15,"column":14},"end":{"line":15,"column":48}},"type":"binary-expr","locations":[{"start":{"line":15,"column":14},"end":{"line":15,"column":42}},{"start":{"line":15,"column":46},"end":{"line":15,"column":48}}],"line":15},"6":{"loc":{"start":{"line":16,"column":14},"end":{"line":16,"column":60}},"type":"binary-expr","locations":[{"start":{"line":16,"column":14},"end":{"line":16,"column":38}},{"start":{"line":16,"column":42},"end":{"line":16,"column":60}}],"line":16},"7":{"loc":{"start":{"line":17,"column":10},"end":{"line":17,"column":49}},"type":"binary-expr","locations":[{"start":{"line":17,"column":10},"end":{"line":17,"column":34}},{"start":{"line":17,"column":38},"end":{"line":17,"column":49}}],"line":17},"8":{"loc":{"start":{"line":27,"column":13},"end":{"line":27,"column":54}},"type":"binary-expr","locations":[{"start":{"line":27,"column":13},"end":{"line":27,"column":40}},{"start":{"line":27,"column":44},"end":{"line":27,"column":54}}],"line":27}},"s":{"0":1,"1":1},"f":{},"b":{"0":[1,1],"1":[1,1],"2":[1,1],"3":[1,1],"4":[1,1],"5":[1,1],"6":[1,1],"7":[1,1],"8":[1,1]},"_coverageSchema":"1a1c01bbd47fc00a2c39e90264f33305004495a9","hash":"23097cae4cc40b31e687236199d9595f05a82c82"}
,"/home/djordan/www/tarefaProg2/src/controllers/mapController.js": {"path":"/home/djordan/www/tarefaProg2/src/controllers/mapController.js","statementMap":{"0":{"start":{"line":1,"column":19},"end":{"line":1,"column":52}},"1":{"start":{"line":3,"column":0},"end":{"line":39,"column":2}},"2":{"start":{"line":5,"column":4},"end":{"line":10,"column":5}},"3":{"start":{"line":6,"column":18},"end":{"line":6,"column":54}},"4":{"start":{"line":7,"column":6},"end":{"line":7,"column":32}},"5":{"start":{"line":9,"column":6},"end":{"line":9,"column":16}},"6":{"start":{"line":13,"column":4},"end":{"line":19,"column":5}},"7":{"start":{"line":14,"column":18},"end":{"line":14,"column":56}},"8":{"start":{"line":15,"column":6},"end":{"line":15,"column":72}},"9":{"start":{"line":15,"column":16},"end":{"line":15,"column":72}},"10":{"start":{"line":16,"column":6},"end":{"line":16,"column":20}},"11":{"start":{"line":18,"column":6},"end":{"line":18,"column":16}},"12":{"start":{"line":22,"column":4},"end":{"line":28,"column":5}},"13":{"start":{"line":23,"column":18},"end":{"line":23,"column":69}},"14":{"start":{"line":24,"column":6},"end":{"line":24,"column":72}},"15":{"start":{"line":24,"column":16},"end":{"line":24,"column":72}},"16":{"start":{"line":25,"column":6},"end":{"line":25,"column":20}},"17":{"start":{"line":27,"column":6},"end":{"line":27,"column":16}},"18":{"start":{"line":31,"column":4},"end":{"line":37,"column":5}},"19":{"start":{"line":32,"column":22},"end":{"line":32,"column":63}},"20":{"start":{"line":33,"column":6},"end":{"line":33,"column":76}},"21":{"start":{"line":33,"column":20},"end":{"line":33,"column":76}},"22":{"start":{"line":34,"column":6},"end":{"line":34,"column":28}},"23":{"start":{"line":36,"column":6},"end":{"line":36,"column":16}}},"fnMap":{"0":{"name":"(anonymous_0)","decl":{"start":{"line":4,"column":13},"end":{"line":4,"column":14}},"loc":{"start":{"line":4,"column":39},"end":{"line":11,"column":3}},"line":4},"1":{"name":"(anonymous_1)","decl":{"start":{"line":12,"column":10},"end":{"line":12,"column":11}},"loc":{"start":{"line":12,"column":36},"end":{"line":20,"column":3}},"line":12},"2":{"name":"(anonymous_2)","decl":{"start":{"line":21,"column":13},"end":{"line":21,"column":14}},"loc":{"start":{"line":21,"column":39},"end":{"line":29,"column":3}},"line":21},"3":{"name":"(anonymous_3)","decl":{"start":{"line":30,"column":13},"end":{"line":30,"column":14}},"loc":{"start":{"line":30,"column":39},"end":{"line":38,"column":3}},"line":30}},"branchMap":{"0":{"loc":{"start":{"line":15,"column":6},"end":{"line":15,"column":72}},"type":"if","locations":[{"start":{"line":15,"column":6},"end":{"line":15,"column":72}},{"start":{},"end":{}}],"line":15},"1":{"loc":{"start":{"line":24,"column":6},"end":{"line":24,"column":72}},"type":"if","locations":[{"start":{"line":24,"column":6},"end":{"line":24,"column":72}},{"start":{},"end":{}}],"line":24},"2":{"loc":{"start":{"line":33,"column":6},"end":{"line":33,"column":76}},"type":"if","locations":[{"start":{"line":33,"column":6},"end":{"line":33,"column":76}},{"start":{},"end":{}}],"line":33}},"s":{"0":0,"1":0,"2":0,"3":0,"4":0,"5":0,"6":0,"7":0,"8":0,"9":0,"10":0,"11":0,"12":0,"13":0,"14":0,"15":0,"16":0,"17":0,"18":0,"19":0,"20":0,"21":0,"22":0,"23":0},"f":{"0":0,"1":0,"2":0,"3":0},"b":{"0":[0,0],"1":[0,0],"2":[0,0]}}
,"/home/djordan/www/tarefaProg2/src/controllers/obstacleController.js": {"path":"/home/djordan/www/tarefaProg2/src/controllers/obstacleController.js","statementMap":{"0":{"start":{"line":1,"column":24},"end":{"line":1,"column":62}},"1":{"start":{"line":3,"column":0},"end":{"line":39,"column":2}},"2":{"start":{"line":5,"column":4},"end":{"line":10,"column":5}},"3":{"start":{"line":6,"column":23},"end":{"line":6,"column":69}},"4":{"start":{"line":7,"column":6},"end":{"line":7,"column":37}},"5":{"start":{"line":9,"column":6},"end":{"line":9,"column":16}},"6":{"start":{"line":13,"column":4},"end":{"line":19,"column":5}},"7":{"start":{"line":14,"column":23},"end":{"line":14,"column":71}},"8":{"start":{"line":15,"column":6},"end":{"line":15,"column":82}},"9":{"start":{"line":15,"column":21},"end":{"line":15,"column":82}},"10":{"start":{"line":16,"column":6},"end":{"line":16,"column":25}},"11":{"start":{"line":18,"column":6},"end":{"line":18,"column":16}},"12":{"start":{"line":22,"column":4},"end":{"line":28,"column":5}},"13":{"start":{"line":23,"column":23},"end":{"line":23,"column":84}},"14":{"start":{"line":24,"column":6},"end":{"line":24,"column":82}},"15":{"start":{"line":24,"column":21},"end":{"line":24,"column":82}},"16":{"start":{"line":25,"column":6},"end":{"line":25,"column":25}},"17":{"start":{"line":27,"column":6},"end":{"line":27,"column":16}},"18":{"start":{"line":31,"column":4},"end":{"line":37,"column":5}},"19":{"start":{"line":32,"column":22},"end":{"line":32,"column":73}},"20":{"start":{"line":33,"column":6},"end":{"line":33,"column":81}},"21":{"start":{"line":33,"column":20},"end":{"line":33,"column":81}},"22":{"start":{"line":34,"column":6},"end":{"line":34,"column":28}},"23":{"start":{"line":36,"column":6},"end":{"line":36,"column":16}}},"fnMap":{"0":{"name":"(anonymous_0)","decl":{"start":{"line":4,"column":18},"end":{"line":4,"column":19}},"loc":{"start":{"line":4,"column":44},"end":{"line":11,"column":3}},"line":4},"1":{"name":"(anonymous_1)","decl":{"start":{"line":12,"column":15},"end":{"line":12,"column":16}},"loc":{"start":{"line":12,"column":41},"end":{"line":20,"column":3}},"line":12},"2":{"name":"(anonymous_2)","decl":{"start":{"line":21,"column":18},"end":{"line":21,"column":19}},"loc":{"start":{"line":21,"column":44},"end":{"line":29,"column":3}},"line":21},"3":{"name":"(anonymous_3)","decl":{"start":{"line":30,"column":18},"end":{"line":30,"column":19}},"loc":{"start":{"line":30,"column":44},"end":{"line":38,"column":3}},"line":30}},"branchMap":{"0":{"loc":{"start":{"line":15,"column":6},"end":{"line":15,"column":82}},"type":"if","locations":[{"start":{"line":15,"column":6},"end":{"line":15,"column":82}},{"start":{},"end":{}}],"line":15},"1":{"loc":{"start":{"line":24,"column":6},"end":{"line":24,"column":82}},"type":"if","locations":[{"start":{"line":24,"column":6},"end":{"line":24,"column":82}},{"start":{},"end":{}}],"line":24},"2":{"loc":{"start":{"line":33,"column":6},"end":{"line":33,"column":81}},"type":"if","locations":[{"start":{"line":33,"column":6},"end":{"line":33,"column":81}},{"start":{},"end":{}}],"line":33}},"s":{"0":0,"1":0,"2":0,"3":0,"4":0,"5":0,"6":0,"7":0,"8":0,"9":0,"10":0,"11":0,"12":0,"13":0,"14":0,"15":0,"16":0,"17":0,"18":0,"19":0,"20":0,"21":0,"22":0,"23":0},"f":{"0":0,"1":0,"2":0,"3":0},"b":{"0":[0,0],"1":[0,0],"2":[0,0]}}
,"/home/djordan/www/tarefaProg2/src/controllers/pathfindingController.js": {"path":"/home/djordan/www/tarefaProg2/src/controllers/pathfindingController.js","statementMap":{"0":{"start":{"line":1,"column":27},"end":{"line":1,"column":68}},"1":{"start":{"line":2,"column":12},"end":{"line":2,"column":36}},"2":{"start":{"line":3,"column":17},"end":{"line":3,"column":46}},"3":{"start":{"line":4,"column":17},"end":{"line":4,"column":46}},"4":{"start":{"line":9,"column":30},"end":{"line":162,"column":1}},"5":{"start":{"line":16,"column":4},"end":{"line":87,"column":5}},"6":{"start":{"line":17,"column":54},"end":{"line":17,"column":62}},"7":{"start":{"line":20,"column":6},"end":{"line":24,"column":7}},"8":{"start":{"line":21,"column":8},"end":{"line":23,"column":11}},"9":{"start":{"line":27,"column":18},"end":{"line":27,"column":43}},"10":{"start":{"line":28,"column":6},"end":{"line":30,"column":7}},"11":{"start":{"line":29,"column":8},"end":{"line":29,"column":64}},"12":{"start":{"line":33,"column":24},"end":{"line":36,"column":8}},"13":{"start":{"line":39,"column":22},"end":{"line":39,"column":24}},"14":{"start":{"line":40,"column":6},"end":{"line":48,"column":7}},"15":{"start":{"line":41,"column":8},"end":{"line":47,"column":11}},"16":{"start":{"line":51,"column":32},"end":{"line":54,"column":9}},"17":{"start":{"line":51,"column":53},"end":{"line":54,"column":7}},"18":{"start":{"line":57,"column":33},"end":{"line":60,"column":9}},"19":{"start":{"line":57,"column":55},"end":{"line":60,"column":7}},"20":{"start":{"line":63,"column":21},"end":{"line":69,"column":7}},"21":{"start":{"line":71,"column":6},"end":{"line":80,"column":9}},"22":{"start":{"line":75,"column":53},"end":{"line":79,"column":9}},"23":{"start":{"line":78,"column":36},"end":{"line":78,"column":80}},"24":{"start":{"line":82,"column":6},"end":{"line":82,"column":50}},"25":{"start":{"line":83,"column":6},"end":{"line":86,"column":9}},"26":{"start":{"line":96,"column":4},"end":{"line":160,"column":5}},"27":{"start":{"line":97,"column":30},"end":{"line":97,"column":38}},"28":{"start":{"line":100,"column":6},"end":{"line":104,"column":7}},"29":{"start":{"line":101,"column":8},"end":{"line":103,"column":11}},"30":{"start":{"line":107,"column":18},"end":{"line":107,"column":43}},"31":{"start":{"line":108,"column":6},"end":{"line":110,"column":7}},"32":{"start":{"line":109,"column":8},"end":{"line":109,"column":64}},"33":{"start":{"line":113,"column":24},"end":{"line":116,"column":8}},"34":{"start":{"line":119,"column":33},"end":{"line":122,"column":9}},"35":{"start":{"line":119,"column":55},"end":{"line":122,"column":7}},"36":{"start":{"line":125,"column":20},"end":{"line":125,"column":24}},"37":{"start":{"line":126,"column":27},"end":{"line":126,"column":31}},"38":{"start":{"line":128,"column":6},"end":{"line":147,"column":7}},"39":{"start":{"line":128,"column":19},"end":{"line":128,"column":20}},"40":{"start":{"line":129,"column":22},"end":{"line":129,"column":29}},"41":{"start":{"line":130,"column":20},"end":{"line":130,"column":31}},"42":{"start":{"line":133,"column":8},"end":{"line":138,"column":9}},"43":{"start":{"line":135,"column":10},"end":{"line":135,"column":26}},"44":{"start":{"line":136,"column":10},"end":{"line":136,"column":81}},"45":{"start":{"line":137,"column":10},"end":{"line":137,"column":16}},"46":{"start":{"line":141,"column":24},"end":{"line":141,"column":86}},"47":{"start":{"line":142,"column":8},"end":{"line":146,"column":9}},"48":{"start":{"line":143,"column":10},"end":{"line":143,"column":26}},"49":{"start":{"line":144,"column":10},"end":{"line":144,"column":96}},"50":{"start":{"line":145,"column":10},"end":{"line":145,"column":16}},"51":{"start":{"line":149,"column":6},"end":{"line":153,"column":9}},"52":{"start":{"line":155,"column":6},"end":{"line":155,"column":53}},"53":{"start":{"line":156,"column":6},"end":{"line":159,"column":9}},"54":{"start":{"line":164,"column":0},"end":{"line":164,"column":39}}},"fnMap":{"0":{"name":"(anonymous_0)","decl":{"start":{"line":15,"column":12},"end":{"line":15,"column":13}},"loc":{"start":{"line":15,"column":38},"end":{"line":88,"column":3}},"line":15},"1":{"name":"(anonymous_1)","decl":{"start":{"line":51,"column":46},"end":{"line":51,"column":47}},"loc":{"start":{"line":51,"column":53},"end":{"line":54,"column":7}},"line":51},"2":{"name":"(anonymous_2)","decl":{"start":{"line":57,"column":47},"end":{"line":57,"column":48}},"loc":{"start":{"line":57,"column":55},"end":{"line":60,"column":7}},"line":57},"3":{"name":"(anonymous_3)","decl":{"start":{"line":75,"column":46},"end":{"line":75,"column":47}},"loc":{"start":{"line":75,"column":53},"end":{"line":79,"column":9}},"line":75},"4":{"name":"(anonymous_4)","decl":{"start":{"line":78,"column":31},"end":{"line":78,"column":32}},"loc":{"start":{"line":78,"column":36},"end":{"line":78,"column":80}},"line":78},"5":{"name":"(anonymous_5)","decl":{"start":{"line":95,"column":16},"end":{"line":95,"column":17}},"loc":{"start":{"line":95,"column":42},"end":{"line":161,"column":3}},"line":95},"6":{"name":"(anonymous_6)","decl":{"start":{"line":119,"column":47},"end":{"line":119,"column":48}},"loc":{"start":{"line":119,"column":55},"end":{"line":122,"column":7}},"line":119}},"branchMap":{"0":{"loc":{"start":{"line":17,"column":33},"end":{"line":17,"column":49}},"type":"default-arg","locations":[{"start":{"line":17,"column":47},"end":{"line":17,"column":49}}],"line":17},"1":{"loc":{"start":{"line":20,"column":6},"end":{"line":24,"column":7}},"type":"if","locations":[{"start":{"line":20,"column":6},"end":{"line":24,"column":7}},{"start":{},"end":{}}],"line":20},"2":{"loc":{"start":{"line":20,"column":10},"end":{"line":20,"column":78}},"type":"binary-expr","locations":[{"start":{"line":20,"column":10},"end":{"line":20,"column":16}},{"start":{"line":20,"column":20},"end":{"line":20,"column":26}},{"start":{"line":20,"column":30},"end":{"line":20,"column":34}},{"start":{"line":20,"column":38},"end":{"line":20,"column":46}},{"start":{"line":20,"column":50},"end":{"line":20,"column":58}},{"start":{"line":20,"column":62},"end":{"line":20,"column":68}},{"start":{"line":20,"column":72},"end":{"line":20,"column":78}}],"line":20},"3":{"loc":{"start":{"line":28,"column":6},"end":{"line":30,"column":7}},"type":"if","locations":[{"start":{"line":28,"column":6},"end":{"line":30,"column":7}},{"start":{},"end":{}}],"line":28},"4":{"loc":{"start":{"line":40,"column":6},"end":{"line":48,"column":7}},"type":"if","locations":[{"start":{"line":40,"column":6},"end":{"line":48,"column":7}},{"start":{},"end":{}}],"line":40},"5":{"loc":{"start":{"line":40,"column":10},"end":{"line":40,"column":47}},"type":"binary-expr","locations":[{"start":{"line":40,"column":10},"end":{"line":40,"column":21}},{"start":{"line":40,"column":25},"end":{"line":40,"column":47}}],"line":40},"6":{"loc":{"start":{"line":78,"column":16},"end":{"line":78,"column":100}},"type":"binary-expr","locations":[{"start":{"line":78,"column":16},"end":{"line":78,"column":87}},{"start":{"line":78,"column":91},"end":{"line":78,"column":100}}],"line":78},"7":{"loc":{"start":{"line":78,"column":36},"end":{"line":78,"column":80}},"type":"binary-expr","locations":[{"start":{"line":78,"column":36},"end":{"line":78,"column":56}},{"start":{"line":78,"column":60},"end":{"line":78,"column":80}}],"line":78},"8":{"loc":{"start":{"line":85,"column":15},"end":{"line":85,"column":52}},"type":"binary-expr","locations":[{"start":{"line":85,"column":15},"end":{"line":85,"column":28}},{"start":{"line":85,"column":32},"end":{"line":85,"column":52}}],"line":85},"9":{"loc":{"start":{"line":100,"column":6},"end":{"line":104,"column":7}},"type":"if","locations":[{"start":{"line":100,"column":6},"end":{"line":104,"column":7}},{"start":{},"end":{}}],"line":100},"10":{"loc":{"start":{"line":100,"column":10},"end":{"line":100,"column":68}},"type":"binary-expr","locations":[{"start":{"line":100,"column":10},"end":{"line":100,"column":16}},{"start":{"line":100,"column":20},"end":{"line":100,"column":25}},{"start":{"line":100,"column":29},"end":{"line":100,"column":49}},{"start":{"line":100,"column":53},"end":{"line":100,"column":68}}],"line":100},"11":{"loc":{"start":{"line":108,"column":6},"end":{"line":110,"column":7}},"type":"if","locations":[{"start":{"line":108,"column":6},"end":{"line":110,"column":7}},{"start":{},"end":{}}],"line":108},"12":{"loc":{"start":{"line":133,"column":8},"end":{"line":138,"column":9}},"type":"if","locations":[{"start":{"line":133,"column":8},"end":{"line":138,"column":9}},{"start":{},"end":{}}],"line":133},"13":{"loc":{"start":{"line":133,"column":12},"end":{"line":134,"column":74}},"type":"binary-expr","locations":[{"start":{"line":133,"column":12},"end":{"line":133,"column":76}},{"start":{"line":134,"column":12},"end":{"line":134,"column":74}}],"line":133},"14":{"loc":{"start":{"line":142,"column":8},"end":{"line":146,"column":9}},"type":"if","locations":[{"start":{"line":142,"column":8},"end":{"line":146,"column":9}},{"start":{},"end":{}}],"line":142},"15":{"loc":{"start":{"line":151,"column":12},"end":{"line":151,"column":42}},"type":"binary-expr","locations":[{"start":{"line":151,"column":12},"end":{"line":151,"column":20}},{"start":{"line":151,"column":24},"end":{"line":151,"column":42}}],"line":151}},"s":{"0":0,"1":0,"2":0,"3":0,"4":0,"5":0,"6":0,"7":0,"8":0,"9":0,"10":0,"11":0,"12":0,"13":0,"14":0,"15":0,"16":0,"17":0,"18":0,"19":0,"20":0,"21":0,"22":0,"23":0,"24":0,"25":0,"26":0,"27":0,"28":0,"29":0,"30":0,"31":0,"32":0,"33":0,"34":0,"35":0,"36":0,"37":0,"38":0,"39":0,"40":0,"41":0,"42":0,"43":0,"44":0,"45":0,"46":0,"47":0,"48":0,"49":0,"50":0,"51":0,"52":0,"53":0,"54":0},"f":{"0":0,"1":0,"2":0,"3":0,"4":0,"5":0,"6":0},"b":{"0":[0],"1":[0,0],"2":[0,0,0,0,0,0,0],"3":[0,0],"4":[0,0],"5":[0,0],"6":[0,0],"7":[0,0],"8":[0,0],"9":[0,0],"10":[0,0,0,0],"11":[0,0],"12":[0,0],"13":[0,0],"14":[0,0],"15":[0,0]}}
,"/home/djordan/www/tarefaProg2/src/controllers/routeController.js": {"path":"/home/djordan/www/tarefaProg2/src/controllers/routeController.js","statementMap":{"0":{"start":{"line":1,"column":21},"end":{"line":1,"column":56}},"1":{"start":{"line":3,"column":0},"end":{"line":30,"column":2}},"2":{"start":{"line":5,"column":4},"end":{"line":10,"column":5}},"3":{"start":{"line":6,"column":20},"end":{"line":6,"column":60}},"4":{"start":{"line":7,"column":6},"end":{"line":7,"column":34}},"5":{"start":{"line":9,"column":6},"end":{"line":9,"column":16}},"6":{"start":{"line":13,"column":4},"end":{"line":19,"column":5}},"7":{"start":{"line":14,"column":20},"end":{"line":14,"column":62}},"8":{"start":{"line":15,"column":6},"end":{"line":15,"column":76}},"9":{"start":{"line":15,"column":18},"end":{"line":15,"column":76}},"10":{"start":{"line":16,"column":6},"end":{"line":16,"column":22}},"11":{"start":{"line":18,"column":6},"end":{"line":18,"column":16}},"12":{"start":{"line":22,"column":4},"end":{"line":28,"column":5}},"13":{"start":{"line":23,"column":22},"end":{"line":23,"column":67}},"14":{"start":{"line":24,"column":6},"end":{"line":24,"column":78}},"15":{"start":{"line":24,"column":20},"end":{"line":24,"column":78}},"16":{"start":{"line":25,"column":6},"end":{"line":25,"column":28}},"17":{"start":{"line":27,"column":6},"end":{"line":27,"column":16}}},"fnMap":{"0":{"name":"(anonymous_0)","decl":{"start":{"line":4,"column":15},"end":{"line":4,"column":16}},"loc":{"start":{"line":4,"column":41},"end":{"line":11,"column":3}},"line":4},"1":{"name":"(anonymous_1)","decl":{"start":{"line":12,"column":12},"end":{"line":12,"column":13}},"loc":{"start":{"line":12,"column":38},"end":{"line":20,"column":3}},"line":12},"2":{"name":"(anonymous_2)","decl":{"start":{"line":21,"column":15},"end":{"line":21,"column":16}},"loc":{"start":{"line":21,"column":41},"end":{"line":29,"column":3}},"line":21}},"branchMap":{"0":{"loc":{"start":{"line":15,"column":6},"end":{"line":15,"column":76}},"type":"if","locations":[{"start":{"line":15,"column":6},"end":{"line":15,"column":76}},{"start":{},"end":{}}],"line":15},"1":{"loc":{"start":{"line":24,"column":6},"end":{"line":24,"column":78}},"type":"if","locations":[{"start":{"line":24,"column":6},"end":{"line":24,"column":78}},{"start":{},"end":{}}],"line":24}},"s":{"0":0,"1":0,"2":0,"3":0,"4":0,"5":0,"6":0,"7":0,"8":0,"9":0,"10":0,"11":0,"12":0,"13":0,"14":0,"15":0,"16":0,"17":0},"f":{"0":0,"1":0,"2":0},"b":{"0":[0,0],"1":[0,0]}}
,"/home/djordan/www/tarefaProg2/src/controllers/userController.js": {"path":"/home/djordan/www/tarefaProg2/src/controllers/userController.js","statementMap":{"0":{"start":{"line":1,"column":20},"end":{"line":1,"column":54}},"1":{"start":{"line":3,"column":0},"end":{"line":39,"column":2}},"2":{"start":{"line":5,"column":4},"end":{"line":10,"column":5}},"3":{"start":{"line":6,"column":19},"end":{"line":6,"column":57}},"4":{"start":{"line":7,"column":6},"end":{"line":7,"column":33}},"5":{"start":{"line":9,"column":6},"end":{"line":9,"column":16}},"6":{"start":{"line":13,"column":4},"end":{"line":19,"column":5}},"7":{"start":{"line":14,"column":19},"end":{"line":14,"column":59}},"8":{"start":{"line":15,"column":6},"end":{"line":15,"column":74}},"9":{"start":{"line":15,"column":17},"end":{"line":15,"column":74}},"10":{"start":{"line":16,"column":6},"end":{"line":16,"column":21}},"11":{"start":{"line":18,"column":6},"end":{"line":18,"column":16}},"12":{"start":{"line":22,"column":4},"end":{"line":28,"column":5}},"13":{"start":{"line":23,"column":19},"end":{"line":23,"column":72}},"14":{"start":{"line":24,"column":6},"end":{"line":24,"column":74}},"15":{"start":{"line":24,"column":17},"end":{"line":24,"column":74}},"16":{"start":{"line":25,"column":6},"end":{"line":25,"column":21}},"17":{"start":{"line":27,"column":6},"end":{"line":27,"column":16}},"18":{"start":{"line":31,"column":4},"end":{"line":37,"column":5}},"19":{"start":{"line":32,"column":22},"end":{"line":32,"column":65}},"20":{"start":{"line":33,"column":6},"end":{"line":33,"column":77}},"21":{"start":{"line":33,"column":20},"end":{"line":33,"column":77}},"22":{"start":{"line":34,"column":6},"end":{"line":34,"column":28}},"23":{"start":{"line":36,"column":6},"end":{"line":36,"column":16}}},"fnMap":{"0":{"name":"(anonymous_0)","decl":{"start":{"line":4,"column":14},"end":{"line":4,"column":15}},"loc":{"start":{"line":4,"column":40},"end":{"line":11,"column":3}},"line":4},"1":{"name":"(anonymous_1)","decl":{"start":{"line":12,"column":11},"end":{"line":12,"column":12}},"loc":{"start":{"line":12,"column":37},"end":{"line":20,"column":3}},"line":12},"2":{"name":"(anonymous_2)","decl":{"start":{"line":21,"column":14},"end":{"line":21,"column":15}},"loc":{"start":{"line":21,"column":40},"end":{"line":29,"column":3}},"line":21},"3":{"name":"(anonymous_3)","decl":{"start":{"line":30,"column":14},"end":{"line":30,"column":15}},"loc":{"start":{"line":30,"column":40},"end":{"line":38,"column":3}},"line":30}},"branchMap":{"0":{"loc":{"start":{"line":15,"column":6},"end":{"line":15,"column":74}},"type":"if","locations":[{"start":{"line":15,"column":6},"end":{"line":15,"column":74}},{"start":{},"end":{}}],"line":15},"1":{"loc":{"start":{"line":24,"column":6},"end":{"line":24,"column":74}},"type":"if","locations":[{"start":{"line":24,"column":6},"end":{"line":24,"column":74}},{"start":{},"end":{}}],"line":24},"2":{"loc":{"start":{"line":33,"column":6},"end":{"line":33,"column":77}},"type":"if","locations":[{"start":{"line":33,"column":6},"end":{"line":33,"column":77}},{"start":{},"end":{}}],"line":33}},"s":{"0":0,"1":0,"2":0,"3":0,"4":0,"5":0,"6":0,"7":0,"8":0,"9":0,"10":0,"11":0,"12":0,"13":0,"14":0,"15":0,"16":0,"17":0,"18":0,"19":0,"20":0,"21":0,"22":0,"23":0},"f":{"0":0,"1":0,"2":0,"3":0},"b":{"0":[0,0],"1":[0,0],"2":[0,0]}}
,"/home/djordan/www/tarefaProg2/src/controllers/waypointController.js": {"path":"/home/djordan/www/tarefaProg2/src/controllers/waypointController.js","statementMap":{"0":{"start":{"line":1,"column":24},"end":{"line":1,"column":62}},"1":{"start":{"line":3,"column":0},"end":{"line":39,"column":2}},"2":{"start":{"line":5,"column":4},"end":{"line":10,"column":5}},"3":{"start":{"line":6,"column":23},"end":{"line":6,"column":69}},"4":{"start":{"line":7,"column":6},"end":{"line":7,"column":37}},"5":{"start":{"line":9,"column":6},"end":{"line":9,"column":16}},"6":{"start":{"line":13,"column":4},"end":{"line":19,"column":5}},"7":{"start":{"line":14,"column":23},"end":{"line":14,"column":71}},"8":{"start":{"line":15,"column":6},"end":{"line":15,"column":82}},"9":{"start":{"line":15,"column":21},"end":{"line":15,"column":82}},"10":{"start":{"line":16,"column":6},"end":{"line":16,"column":25}},"11":{"start":{"line":18,"column":6},"end":{"line":18,"column":16}},"12":{"start":{"line":22,"column":4},"end":{"line":28,"column":5}},"13":{"start":{"line":23,"column":23},"end":{"line":23,"column":84}},"14":{"start":{"line":24,"column":6},"end":{"line":24,"column":82}},"15":{"start":{"line":24,"column":21},"end":{"line":24,"column":82}},"16":{"start":{"line":25,"column":6},"end":{"line":25,"column":25}},"17":{"start":{"line":27,"column":6},"end":{"line":27,"column":16}},"18":{"start":{"line":31,"column":4},"end":{"line":37,"column":5}},"19":{"start":{"line":32,"column":22},"end":{"line":32,"column":73}},"20":{"start":{"line":33,"column":6},"end":{"line":33,"column":81}},"21":{"start":{"line":33,"column":20},"end":{"line":33,"column":81}},"22":{"start":{"line":34,"column":6},"end":{"line":34,"column":28}},"23":{"start":{"line":36,"column":6},"end":{"line":36,"column":16}}},"fnMap":{"0":{"name":"(anonymous_0)","decl":{"start":{"line":4,"column":18},"end":{"line":4,"column":19}},"loc":{"start":{"line":4,"column":44},"end":{"line":11,"column":3}},"line":4},"1":{"name":"(anonymous_1)","decl":{"start":{"line":12,"column":15},"end":{"line":12,"column":16}},"loc":{"start":{"line":12,"column":41},"end":{"line":20,"column":3}},"line":12},"2":{"name":"(anonymous_2)","decl":{"start":{"line":21,"column":18},"end":{"line":21,"column":19}},"loc":{"start":{"line":21,"column":44},"end":{"line":29,"column":3}},"line":21},"3":{"name":"(anonymous_3)","decl":{"start":{"line":30,"column":18},"end":{"line":30,"column":19}},"loc":{"start":{"line":30,"column":44},"end":{"line":38,"column":3}},"line":30}},"branchMap":{"0":{"loc":{"start":{"line":15,"column":6},"end":{"line":15,"column":82}},"type":"if","locations":[{"start":{"line":15,"column":6},"end":{"line":15,"column":82}},{"start":{},"end":{}}],"line":15},"1":{"loc":{"start":{"line":24,"column":6},"end":{"line":24,"column":82}},"type":"if","locations":[{"start":{"line":24,"column":6},"end":{"line":24,"column":82}},{"start":{},"end":{}}],"line":24},"2":{"loc":{"start":{"line":33,"column":6},"end":{"line":33,"column":81}},"type":"if","locations":[{"start":{"line":33,"column":6},"end":{"line":33,"column":81}},{"start":{},"end":{}}],"line":33}},"s":{"0":0,"1":0,"2":0,"3":0,"4":0,"5":0,"6":0,"7":0,"8":0,"9":0,"10":0,"11":0,"12":0,"13":0,"14":0,"15":0,"16":0,"17":0,"18":0,"19":0,"20":0,"21":0,"22":0,"23":0},"f":{"0":0,"1":0,"2":0,"3":0},"b":{"0":[0,0],"1":[0,0],"2":[0,0]}}
,"/home/djordan/www/tarefaProg2/src/models/Map.js": {"path":"/home/djordan/www/tarefaProg2/src/models/Map.js","statementMap":{"0":{"start":{"line":1,"column":22},"end":{"line":1,"column":42}},"1":{"start":{"line":2,"column":18},"end":{"line":2,"column":34}},"2":{"start":{"line":4,"column":12},"end":{"line":20,"column":2}},"3":{"start":{"line":22,"column":0},"end":{"line":22,"column":21}}},"fnMap":{},"branchMap":{},"s":{"0":1,"1":1,"2":1,"3":1},"f":{},"b":{},"_coverageSchema":"1a1c01bbd47fc00a2c39e90264f33305004495a9","hash":"eeaff5ad484b7703bb9ed6a24ea2dc150b749bc3"}
,"/home/djordan/www/tarefaProg2/src/models/Obstacle.js": {"path":"/home/djordan/www/tarefaProg2/src/models/Obstacle.js","statementMap":{"0":{"start":{"line":1,"column":22},"end":{"line":1,"column":42}},"1":{"start":{"line":2,"column":18},"end":{"line":2,"column":34}},"2":{"start":{"line":3,"column":12},"end":{"line":3,"column":28}},"3":{"start":{"line":5,"column":17},"end":{"line":21,"column":2}},"4":{"start":{"line":23,"column":0},"end":{"line":23,"column":70}},"5":{"start":{"line":24,"column":0},"end":{"line":24,"column":47}},"6":{"start":{"line":26,"column":0},"end":{"line":26,"column":26}}},"fnMap":{},"branchMap":{},"s":{"0":1,"1":1,"2":1,"3":1,"4":1,"5":1,"6":1},"f":{},"b":{},"_coverageSchema":"1a1c01bbd47fc00a2c39e90264f33305004495a9","hash":"8d69ae648d61b381a8e78301e0490f189d9ac660"}
,"/home/djordan/www/tarefaProg2/src/models/Route.js": {"path":"/home/djordan/www/tarefaProg2/src/models/Route.js","statementMap":{"0":{"start":{"line":1,"column":22},"end":{"line":1,"column":42}},"1":{"start":{"line":2,"column":18},"end":{"line":2,"column":34}},"2":{"start":{"line":3,"column":12},"end":{"line":3,"column":28}},"3":{"start":{"line":5,"column":14},"end":{"line":29,"column":2}},"4":{"start":{"line":31,"column":0},"end":{"line":31,"column":67}},"5":{"start":{"line":32,"column":0},"end":{"line":32,"column":44}},"6":{"start":{"line":34,"column":0},"end":{"line":34,"column":23}}},"fnMap":{},"branchMap":{},"s":{"0":1,"1":1,"2":1,"3":1,"4":1,"5":1,"6":1},"f":{},"b":{},"_coverageSchema":"1a1c01bbd47fc00a2c39e90264f33305004495a9","hash":"8170ec6fe21d687f5dff42929f73201d091c0e64"}
,"/home/djordan/www/tarefaProg2/src/models/User.js": {"path":"/home/djordan/www/tarefaProg2/src/models/User.js","statementMap":{"0":{"start":{"line":1,"column":22},"end":{"line":1,"column":42}},"1":{"start":{"line":2,"column":18},"end":{"line":2,"column":34}},"2":{"start":{"line":4,"column":13},"end":{"line":18,"column":2}},"3":{"start":{"line":20,"column":0},"end":{"line":20,"column":22}}},"fnMap":{},"branchMap":{},"s":{"0":1,"1":1,"2":1,"3":1},"f":{},"b":{},"_coverageSchema":"1a1c01bbd47fc00a2c39e90264f33305004495a9","hash":"ade438287e4e379a1a73663a82f673bdfc7b9128"}
,"/home/djordan/www/tarefaProg2/src/models/Waypoint.js": {"path":"/home/djordan/www/tarefaProg2/src/models/Waypoint.js","statementMap":{"0":{"start":{"line":1,"column":22},"end":{"line":1,"column":42}},"1":{"start":{"line":2,"column":18},"end":{"line":2,"column":34}},"2":{"start":{"line":3,"column":12},"end":{"line":3,"column":28}},"3":{"start":{"line":5,"column":17},"end":{"line":21,"column":2}},"4":{"start":{"line":23,"column":0},"end":{"line":23,"column":70}},"5":{"start":{"line":24,"column":0},"end":{"line":24,"column":47}},"6":{"start":{"line":26,"column":0},"end":{"line":26,"column":26}}},"fnMap":{},"branchMap":{},"s":{"0":1,"1":1,"2":1,"3":1,"4":1,"5":1,"6":1},"f":{},"b":{},"_coverageSchema":"1a1c01bbd47fc00a2c39e90264f33305004495a9","hash":"7afa96b2075861580145d45319150e876a86b636"}
,"/home/djordan/www/tarefaProg2/src/models/index.js": {"path":"/home/djordan/www/tarefaProg2/src/models/index.js","statementMap":{"0":{"start":{"line":1,"column":12},"end":{"line":1,"column":28}},"1":{"start":{"line":2,"column":17},"end":{"line":2,"column":38}},"2":{"start":{"line":3,"column":17},"end":{"line":3,"column":38}},"3":{"start":{"line":4,"column":14},"end":{"line":4,"column":32}},"4":{"start":{"line":5,"column":13},"end":{"line":5,"column":30}},"5":{"start":{"line":13,"column":0},"end":{"line":19,"column":2}}},"fnMap":{},"branchMap":{},"s":{"0":1,"1":1,"2":1,"3":1,"4":1,"5":1},"f":{},"b":{},"_coverageSchema":"1a1c01bbd47fc00a2c39e90264f33305004495a9","hash":"075004cf32c1bf45f2fcd08b4ce5363168200a78"}
,"/home/djordan/www/tarefaProg2/src/routes/index.js": {"path":"/home/djordan/www/tarefaProg2/src/routes/index.js","statementMap":{"0":{"start":{"line":1,"column":16},"end":{"line":1,"column":34}},"1":{"start":{"line":2,"column":18},"end":{"line":2,"column":40}},"2":{"start":{"line":3,"column":23},"end":{"line":3,"column":50}},"3":{"start":{"line":4,"column":23},"end":{"line":4,"column":50}},"4":{"start":{"line":5,"column":20},"end":{"line":5,"column":44}},"5":{"start":{"line":6,"column":19},"end":{"line":6,"column":42}},"6":{"start":{"line":7,"column":26},"end":{"line":7,"column":56}},"7":{"start":{"line":9,"column":15},"end":{"line":9,"column":31}},"8":{"start":{"line":11,"column":0},"end":{"line":11,"column":31}},"9":{"start":{"line":12,"column":0},"end":{"line":12,"column":41}},"10":{"start":{"line":13,"column":0},"end":{"line":13,"column":41}},"11":{"start":{"line":14,"column":0},"end":{"line":14,"column":35}},"12":{"start":{"line":15,"column":0},"end":{"line":15,"column":33}},"13":{"start":{"line":16,"column":0},"end":{"line":16,"column":46}},"14":{"start":{"line":18,"column":0},"end":{"line":18,"column":24}}},"fnMap":{},"branchMap":{},"s":{"0":0,"1":0,"2":0,"3":0,"4":0,"5":0,"6":0,"7":0,"8":0,"9":0,"10":0,"11":0,"12":0,"13":0,"14":0},"f":{},"b":{}}
,"/home/djordan/www/tarefaProg2/src/routes/mapRoutes.js": {"path":"/home/djordan/www/tarefaProg2/src/routes/mapRoutes.js","statementMap":{"0":{"start":{"line":1,"column":16},"end":{"line":1,"column":34}},"1":{"start":{"line":2,"column":22},"end":{"line":2,"column":61}},"2":{"start":{"line":3,"column":15},"end":{"line":3,"column":31}},"3":{"start":{"line":5,"column":0},"end":{"line":5,"column":42}},"4":{"start":{"line":6,"column":0},"end":{"line":6,"column":41}},"5":{"start":{"line":7,"column":0},"end":{"line":7,"column":44}},"6":{"start":{"line":8,"column":0},"end":{"line":8,"column":47}},"7":{"start":{"line":10,"column":0},"end":{"line":10,"column":24}}},"fnMap":{},"branchMap":{},"s":{"0":0,"1":0,"2":0,"3":0,"4":0,"5":0,"6":0,"7":0},"f":{},"b":{}}
,"/home/djordan/www/tarefaProg2/src/routes/obstacleRoutes.js": {"path":"/home/djordan/www/tarefaProg2/src/routes/obstacleRoutes.js","statementMap":{"0":{"start":{"line":1,"column":16},"end":{"line":1,"column":34}},"1":{"start":{"line":2,"column":27},"end":{"line":2,"column":71}},"2":{"start":{"line":3,"column":15},"end":{"line":3,"column":31}},"3":{"start":{"line":5,"column":0},"end":{"line":5,"column":52}},"4":{"start":{"line":6,"column":0},"end":{"line":6,"column":51}},"5":{"start":{"line":7,"column":0},"end":{"line":7,"column":54}},"6":{"start":{"line":8,"column":0},"end":{"line":8,"column":57}},"7":{"start":{"line":10,"column":0},"end":{"line":10,"column":24}}},"fnMap":{},"branchMap":{},"s":{"0":0,"1":0,"2":0,"3":0,"4":0,"5":0,"6":0,"7":0},"f":{},"b":{}}
,"/home/djordan/www/tarefaProg2/src/routes/pathfindingRoutes.js": {"path":"/home/djordan/www/tarefaProg2/src/routes/pathfindingRoutes.js","statementMap":{"0":{"start":{"line":1,"column":16},"end":{"line":1,"column":34}},"1":{"start":{"line":2,"column":30},"end":{"line":2,"column":77}},"2":{"start":{"line":3,"column":15},"end":{"line":3,"column":31}},"3":{"start":{"line":55,"column":0},"end":{"line":55,"column":53}},"4":{"start":{"line":95,"column":0},"end":{"line":95,"column":61}},"5":{"start":{"line":97,"column":0},"end":{"line":97,"column":24}}},"fnMap":{},"branchMap":{},"s":{"0":0,"1":0,"2":0,"3":0,"4":0,"5":0},"f":{},"b":{}}
,"/home/djordan/www/tarefaProg2/src/routes/routeRoutes.js": {"path":"/home/djordan/www/tarefaProg2/src/routes/routeRoutes.js","statementMap":{"0":{"start":{"line":1,"column":16},"end":{"line":1,"column":34}},"1":{"start":{"line":2,"column":24},"end":{"line":2,"column":65}},"2":{"start":{"line":3,"column":15},"end":{"line":3,"column":31}},"3":{"start":{"line":5,"column":0},"end":{"line":5,"column":46}},"4":{"start":{"line":6,"column":0},"end":{"line":6,"column":45}},"5":{"start":{"line":7,"column":0},"end":{"line":7,"column":51}},"6":{"start":{"line":9,"column":0},"end":{"line":9,"column":24}}},"fnMap":{},"branchMap":{},"s":{"0":0,"1":0,"2":0,"3":0,"4":0,"5":0,"6":0},"f":{},"b":{}}
,"/home/djordan/www/tarefaProg2/src/routes/userRoutes.js": {"path":"/home/djordan/www/tarefaProg2/src/routes/userRoutes.js","statementMap":{"0":{"start":{"line":1,"column":16},"end":{"line":1,"column":34}},"1":{"start":{"line":2,"column":23},"end":{"line":2,"column":63}},"2":{"start":{"line":3,"column":15},"end":{"line":3,"column":31}},"3":{"start":{"line":5,"column":0},"end":{"line":5,"column":44}},"4":{"start":{"line":6,"column":0},"end":{"line":6,"column":43}},"5":{"start":{"line":7,"column":0},"end":{"line":7,"column":46}},"6":{"start":{"line":8,"column":0},"end":{"line":8,"column":49}},"7":{"start":{"line":10,"column":0},"end":{"line":10,"column":24}}},"fnMap":{},"branchMap":{},"s":{"0":0,"1":0,"2":0,"3":0,"4":0,"5":0,"6":0,"7":0},"f":{},"b":{}}
,"/home/djordan/www/tarefaProg2/src/routes/waypointRoutes.js": {"path":"/home/djordan/www/tarefaProg2/src/routes/waypointRoutes.js","statementMap":{"0":{"start":{"line":1,"column":16},"end":{"line":1,"column":34}},"1":{"start":{"line":2,"column":27},"end":{"line":2,"column":71}},"2":{"start":{"line":3,"column":15},"end":{"line":3,"column":31}},"3":{"start":{"line":5,"column":0},"end":{"line":5,"column":52}},"4":{"start":{"line":6,"column":0},"end":{"line":6,"column":51}},"5":{"start":{"line":7,"column":0},"end":{"line":7,"column":54}},"6":{"start":{"line":8,"column":0},"end":{"line":8,"column":57}},"7":{"start":{"line":10,"column":0},"end":{"line":10,"column":24}}},"fnMap":{},"branchMap":{},"s":{"0":0,"1":0,"2":0,"3":0,"4":0,"5":0,"6":0,"7":0},"f":{},"b":{}}
,"/home/djordan/www/tarefaProg2/src/services/mapService.js": {"path":"/home/djordan/www/tarefaProg2/src/services/mapService.js","statementMap":{"0":{"start":{"line":1,"column":16},"end":{"line":1,"column":36}},"1":{"start":{"line":3,"column":20},"end":{"line":10,"column":2}},"2":{"start":{"line":3,"column":30},"end":{"line":10,"column":1}},"3":{"start":{"line":12,"column":18},"end":{"line":19,"column":1}},"4":{"start":{"line":13,"column":14},"end":{"line":17,"column":4}},"5":{"start":{"line":18,"column":2},"end":{"line":18,"column":26}},"6":{"start":{"line":21,"column":15},"end":{"line":25,"column":1}},"7":{"start":{"line":22,"column":14},"end":{"line":22,"column":36}},"8":{"start":{"line":23,"column":2},"end":{"line":23,"column":24}},"9":{"start":{"line":23,"column":12},"end":{"line":23,"column":24}},"10":{"start":{"line":24,"column":2},"end":{"line":24,"column":26}},"11":{"start":{"line":27,"column":18},"end":{"line":37,"column":1}},"12":{"start":{"line":28,"column":14},"end":{"line":28,"column":36}},"13":{"start":{"line":29,"column":2},"end":{"line":29,"column":24}},"14":{"start":{"line":29,"column":12},"end":{"line":29,"column":24}},"15":{"start":{"line":30,"column":2},"end":{"line":30,"column":42}},"16":{"start":{"line":30,"column":26},"end":{"line":30,"column":42}},"17":{"start":{"line":31,"column":2},"end":{"line":34,"column":3}},"18":{"start":{"line":32,"column":4},"end":{"line":32,"column":33}},"19":{"start":{"line":33,"column":4},"end":{"line":33,"column":35}},"20":{"start":{"line":35,"column":2},"end":{"line":35,"column":19}},"21":{"start":{"line":36,"column":2},"end":{"line":36,"column":26}},"22":{"start":{"line":39,"column":18},"end":{"line":44,"column":1}},"23":{"start":{"line":40,"column":14},"end":{"line":40,"column":36}},"24":{"start":{"line":41,"column":2},"end":{"line":41,"column":25}},"25":{"start":{"line":41,"column":12},"end":{"line":41,"column":25}},"26":{"start":{"line":42,"column":2},"end":{"line":42,"column":22}},"27":{"start":{"line":43,"column":2},"end":{"line":43,"column":14}},"28":{"start":{"line":46,"column":0},"end":{"line":51,"column":2}}},"fnMap":{"0":{"name":"(anonymous_0)","decl":{"start":{"line":3,"column":20},"end":{"line":3,"column":21}},"loc":{"start":{"line":3,"column":30},"end":{"line":10,"column":1}},"line":3},"1":{"name":"(anonymous_1)","decl":{"start":{"line":12,"column":18},"end":{"line":12,"column":19}},"loc":{"start":{"line":12,"column":50},"end":{"line":19,"column":1}},"line":12},"2":{"name":"(anonymous_2)","decl":{"start":{"line":21,"column":15},"end":{"line":21,"column":16}},"loc":{"start":{"line":21,"column":29},"end":{"line":25,"column":1}},"line":21},"3":{"name":"(anonymous_3)","decl":{"start":{"line":27,"column":18},"end":{"line":27,"column":19}},"loc":{"start":{"line":27,"column":54},"end":{"line":37,"column":1}},"line":27},"4":{"name":"(anonymous_4)","decl":{"start":{"line":39,"column":18},"end":{"line":39,"column":19}},"loc":{"start":{"line":39,"column":32},"end":{"line":44,"column":1}},"line":39}},"branchMap":{"0":{"loc":{"start":{"line":23,"column":2},"end":{"line":23,"column":24}},"type":"if","locations":[{"start":{"line":23,"column":2},"end":{"line":23,"column":24}},{"start":{},"end":{}}],"line":23},"1":{"loc":{"start":{"line":29,"column":2},"end":{"line":29,"column":24}},"type":"if","locations":[{"start":{"line":29,"column":2},"end":{"line":29,"column":24}},{"start":{},"end":{}}],"line":29},"2":{"loc":{"start":{"line":30,"column":2},"end":{"line":30,"column":42}},"type":"if","locations":[{"start":{"line":30,"column":2},"end":{"line":30,"column":42}},{"start":{},"end":{}}],"line":30},"3":{"loc":{"start":{"line":31,"column":2},"end":{"line":34,"column":3}},"type":"if","locations":[{"start":{"line":31,"column":2},"end":{"line":34,"column":3}},{"start":{},"end":{}}],"line":31},"4":{"loc":{"start":{"line":41,"column":2},"end":{"line":41,"column":25}},"type":"if","locations":[{"start":{"line":41,"column":2},"end":{"line":41,"column":25}},{"start":{},"end":{}}],"line":41}},"s":{"0":0,"1":0,"2":0,"3":0,"4":0,"5":0,"6":0,"7":0,"8":0,"9":0,"10":0,"11":0,"12":0,"13":0,"14":0,"15":0,"16":0,"17":0,"18":0,"19":0,"20":0,"21":0,"22":0,"23":0,"24":0,"25":0,"26":0,"27":0,"28":0},"f":{"0":0,"1":0,"2":0,"3":0,"4":0},"b":{"0":[0,0],"1":[0,0],"2":[0,0],"3":[0,0],"4":[0,0]}}
,"/home/djordan/www/tarefaProg2/src/services/obstacleService.js": {"path":"/home/djordan/www/tarefaProg2/src/services/obstacleService.js","statementMap":{"0":{"start":{"line":1,"column":26},"end":{"line":1,"column":46}},"1":{"start":{"line":3,"column":25},"end":{"line":11,"column":2}},"2":{"start":{"line":3,"column":40},"end":{"line":11,"column":1}},"3":{"start":{"line":13,"column":23},"end":{"line":30,"column":1}},"4":{"start":{"line":15,"column":2},"end":{"line":15,"column":51}},"5":{"start":{"line":15,"column":14},"end":{"line":15,"column":51}},"6":{"start":{"line":16,"column":2},"end":{"line":16,"column":57}},"7":{"start":{"line":16,"column":17},"end":{"line":16,"column":57}},"8":{"start":{"line":17,"column":2},"end":{"line":17,"column":79}},"9":{"start":{"line":17,"column":43},"end":{"line":17,"column":79}},"10":{"start":{"line":20,"column":14},"end":{"line":20,"column":39}},"11":{"start":{"line":21,"column":2},"end":{"line":21,"column":45}},"12":{"start":{"line":21,"column":12},"end":{"line":21,"column":45}},"13":{"start":{"line":23,"column":19},"end":{"line":28,"column":4}},"14":{"start":{"line":29,"column":2},"end":{"line":29,"column":36}},"15":{"start":{"line":32,"column":20},"end":{"line":36,"column":1}},"16":{"start":{"line":33,"column":19},"end":{"line":33,"column":46}},"17":{"start":{"line":34,"column":2},"end":{"line":34,"column":29}},"18":{"start":{"line":34,"column":17},"end":{"line":34,"column":29}},"19":{"start":{"line":35,"column":2},"end":{"line":35,"column":36}},"20":{"start":{"line":38,"column":23},"end":{"line":48,"column":1}},"21":{"start":{"line":39,"column":19},"end":{"line":39,"column":46}},"22":{"start":{"line":40,"column":2},"end":{"line":40,"column":29}},"23":{"start":{"line":40,"column":17},"end":{"line":40,"column":29}},"24":{"start":{"line":41,"column":2},"end":{"line":44,"column":3}},"25":{"start":{"line":42,"column":4},"end":{"line":42,"column":36}},"26":{"start":{"line":43,"column":4},"end":{"line":43,"column":36}},"27":{"start":{"line":45,"column":2},"end":{"line":45,"column":47}},"28":{"start":{"line":45,"column":26},"end":{"line":45,"column":47}},"29":{"start":{"line":46,"column":2},"end":{"line":46,"column":24}},"30":{"start":{"line":47,"column":2},"end":{"line":47,"column":36}},"31":{"start":{"line":50,"column":23},"end":{"line":55,"column":1}},"32":{"start":{"line":51,"column":19},"end":{"line":51,"column":46}},"33":{"start":{"line":52,"column":2},"end":{"line":52,"column":30}},"34":{"start":{"line":52,"column":17},"end":{"line":52,"column":30}},"35":{"start":{"line":53,"column":2},"end":{"line":53,"column":27}},"36":{"start":{"line":54,"column":2},"end":{"line":54,"column":14}},"37":{"start":{"line":57,"column":0},"end":{"line":62,"column":2}}},"fnMap":{"0":{"name":"(anonymous_0)","decl":{"start":{"line":3,"column":25},"end":{"line":3,"column":26}},"loc":{"start":{"line":3,"column":40},"end":{"line":11,"column":1}},"line":3},"1":{"name":"(anonymous_1)","decl":{"start":{"line":13,"column":23},"end":{"line":13,"column":24}},"loc":{"start":{"line":13,"column":60},"end":{"line":30,"column":1}},"line":13},"2":{"name":"(anonymous_2)","decl":{"start":{"line":32,"column":20},"end":{"line":32,"column":21}},"loc":{"start":{"line":32,"column":34},"end":{"line":36,"column":1}},"line":32},"3":{"name":"(anonymous_3)","decl":{"start":{"line":38,"column":23},"end":{"line":38,"column":24}},"loc":{"start":{"line":38,"column":57},"end":{"line":48,"column":1}},"line":38},"4":{"name":"(anonymous_4)","decl":{"start":{"line":50,"column":23},"end":{"line":50,"column":24}},"loc":{"start":{"line":50,"column":37},"end":{"line":55,"column":1}},"line":50}},"branchMap":{"0":{"loc":{"start":{"line":15,"column":2},"end":{"line":15,"column":51}},"type":"if","locations":[{"start":{"line":15,"column":2},"end":{"line":15,"column":51}},{"start":{},"end":{}}],"line":15},"1":{"loc":{"start":{"line":16,"column":2},"end":{"line":16,"column":57}},"type":"if","locations":[{"start":{"line":16,"column":2},"end":{"line":16,"column":57}},{"start":{},"end":{}}],"line":16},"2":{"loc":{"start":{"line":17,"column":2},"end":{"line":17,"column":79}},"type":"if","locations":[{"start":{"line":17,"column":2},"end":{"line":17,"column":79}},{"start":{},"end":{}}],"line":17},"3":{"loc":{"start":{"line":17,"column":6},"end":{"line":17,"column":41}},"type":"binary-expr","locations":[{"start":{"line":17,"column":6},"end":{"line":17,"column":24}},{"start":{"line":17,"column":28},"end":{"line":17,"column":41}}],"line":17},"4":{"loc":{"start":{"line":21,"column":2},"end":{"line":21,"column":45}},"type":"if","locations":[{"start":{"line":21,"column":2},"end":{"line":21,"column":45}},{"start":{},"end":{}}],"line":21},"5":{"loc":{"start":{"line":34,"column":2},"end":{"line":34,"column":29}},"type":"if","locations":[{"start":{"line":34,"column":2},"end":{"line":34,"column":29}},{"start":{},"end":{}}],"line":34},"6":{"loc":{"start":{"line":40,"column":2},"end":{"line":40,"column":29}},"type":"if","locations":[{"start":{"line":40,"column":2},"end":{"line":40,"column":29}},{"start":{},"end":{}}],"line":40},"7":{"loc":{"start":{"line":41,"column":2},"end":{"line":44,"column":3}},"type":"if","locations":[{"start":{"line":41,"column":2},"end":{"line":44,"column":3}},{"start":{},"end":{}}],"line":41},"8":{"loc":{"start":{"line":45,"column":2},"end":{"line":45,"column":47}},"type":"if","locations":[{"start":{"line":45,"column":2},"end":{"line":45,"column":47}},{"start":{},"end":{}}],"line":45},"9":{"loc":{"start":{"line":52,"column":2},"end":{"line":52,"column":30}},"type":"if","locations":[{"start":{"line":52,"column":2},"end":{"line":52,"column":30}},{"start":{},"end":{}}],"line":52}},"s":{"0":0,"1":0,"2":0,"3":0,"4":0,"5":0,"6":0,"7":0,"8":0,"9":0,"10":0,"11":0,"12":0,"13":0,"14":0,"15":0,"16":0,"17":0,"18":0,"19":0,"20":0,"21":0,"22":0,"23":0,"24":0,"25":0,"26":0,"27":0,"28":0,"29":0,"30":0,"31":0,"32":0,"33":0,"34":0,"35":0,"36":0,"37":0},"f":{"0":0,"1":0,"2":0,"3":0,"4":0},"b":{"0":[0,0],"1":[0,0],"2":[0,0],"3":[0,0],"4":[0,0],"5":[0,0],"6":[0,0],"7":[0,0],"8":[0,0],"9":[0,0]}}
,"/home/djordan/www/tarefaProg2/src/services/pathfindingService.js": {"path":"/home/djordan/www/tarefaProg2/src/services/pathfindingService.js","statementMap":{"0":{"start":{"line":3,"column":4},"end":{"line":3,"column":29}},"1":{"start":{"line":4,"column":4},"end":{"line":4,"column":25}},"2":{"start":{"line":5,"column":4},"end":{"line":5,"column":15}},"3":{"start":{"line":6,"column":4},"end":{"line":6,"column":15}},"4":{"start":{"line":7,"column":4},"end":{"line":7,"column":15}},"5":{"start":{"line":12,"column":4},"end":{"line":12,"column":88}},"6":{"start":{"line":18,"column":4},"end":{"line":28,"column":6}},"7":{"start":{"line":33,"column":4},"end":{"line":33,"column":53}},"8":{"start":{"line":38,"column":4},"end":{"line":39,"column":50}},"9":{"start":{"line":44,"column":4},"end":{"line":49,"column":6}},"10":{"start":{"line":45,"column":6},"end":{"line":48,"column":59}},"11":{"start":{"line":55,"column":13},"end":{"line":55,"column":20}},"12":{"start":{"line":56,"column":13},"end":{"line":56,"column":20}},"13":{"start":{"line":57,"column":15},"end":{"line":57,"column":20}},"14":{"start":{"line":58,"column":15},"end":{"line":58,"column":20}},"15":{"start":{"line":60,"column":15},"end":{"line":60,"column":32}},"16":{"start":{"line":61,"column":15},"end":{"line":61,"column":32}},"17":{"start":{"line":62,"column":15},"end":{"line":62,"column":33}},"18":{"start":{"line":63,"column":15},"end":{"line":63,"column":33}},"19":{"start":{"line":64,"column":14},"end":{"line":64,"column":21}},"20":{"start":{"line":66,"column":4},"end":{"line":83,"column":5}},"21":{"start":{"line":68,"column":6},"end":{"line":70,"column":7}},"22":{"start":{"line":69,"column":8},"end":{"line":69,"column":21}},"23":{"start":{"line":72,"column":6},"end":{"line":72,"column":40}},"24":{"start":{"line":72,"column":34},"end":{"line":72,"column":40}},"25":{"start":{"line":74,"column":17},"end":{"line":74,"column":24}},"26":{"start":{"line":75,"column":6},"end":{"line":78,"column":7}},"27":{"start":{"line":76,"column":8},"end":{"line":76,"column":18}},"28":{"start":{"line":77,"column":8},"end":{"line":77,"column":17}},"29":{"start":{"line":79,"column":6},"end":{"line":82,"column":7}},"30":{"start":{"line":80,"column":8},"end":{"line":80,"column":18}},"31":{"start":{"line":81,"column":8},"end":{"line":81,"column":17}},"32":{"start":{"line":85,"column":4},"end":{"line":85,"column":16}},"33":{"start":{"line":91,"column":4},"end":{"line":94,"column":5}},"34":{"start":{"line":93,"column":6},"end":{"line":93,"column":64}},"35":{"start":{"line":97,"column":4},"end":{"line":99,"column":5}},"36":{"start":{"line":98,"column":6},"end":{"line":98,"column":58}},"37":{"start":{"line":101,"column":4},"end":{"line":103,"column":5}},"38":{"start":{"line":102,"column":6},"end":{"line":102,"column":56}},"39":{"start":{"line":106,"column":4},"end":{"line":108,"column":5}},"40":{"start":{"line":107,"column":6},"end":{"line":107,"column":61}},"41":{"start":{"line":111,"column":23},"end":{"line":111,"column":28}},"42":{"start":{"line":112,"column":19},"end":{"line":112,"column":21}},"43":{"start":{"line":113,"column":24},"end":{"line":113,"column":25}},"44":{"start":{"line":116,"column":25},"end":{"line":116,"column":44}},"45":{"start":{"line":118,"column":4},"end":{"line":133,"column":5}},"46":{"start":{"line":119,"column":6},"end":{"line":132,"column":7}},"47":{"start":{"line":120,"column":28},"end":{"line":120,"column":93}},"48":{"start":{"line":122,"column":8},"end":{"line":124,"column":9}},"49":{"start":{"line":123,"column":10},"end":{"line":123,"column":89}},"50":{"start":{"line":127,"column":8},"end":{"line":127,"column":63}},"51":{"start":{"line":128,"column":8},"end":{"line":128,"column":46}},"52":{"start":{"line":129,"column":8},"end":{"line":129,"column":32}},"53":{"start":{"line":131,"column":8},"end":{"line":131,"column":110}},"54":{"start":{"line":135,"column":4},"end":{"line":138,"column":6}},"55":{"start":{"line":144,"column":22},"end":{"line":144,"column":37}},"56":{"start":{"line":145,"column":20},"end":{"line":145,"column":33}},"57":{"start":{"line":148,"column":21},"end":{"line":148,"column":32}},"58":{"start":{"line":150,"column":23},"end":{"line":150,"column":25}},"59":{"start":{"line":153,"column":4},"end":{"line":243,"column":5}},"60":{"start":{"line":155,"column":24},"end":{"line":155,"column":35}},"61":{"start":{"line":156,"column":25},"end":{"line":156,"column":26}},"62":{"start":{"line":158,"column":6},"end":{"line":163,"column":7}},"63":{"start":{"line":158,"column":19},"end":{"line":158,"column":20}},"64":{"start":{"line":159,"column":8},"end":{"line":162,"column":9}},"65":{"start":{"line":160,"column":10},"end":{"line":160,"column":36}},"66":{"start":{"line":161,"column":10},"end":{"line":161,"column":27}},"67":{"start":{"line":166,"column":6},"end":{"line":166,"column":39}},"68":{"start":{"line":167,"column":6},"end":{"line":167,"column":35}},"69":{"start":{"line":170,"column":6},"end":{"line":183,"column":7}},"70":{"start":{"line":171,"column":21},"end":{"line":171,"column":23}},"71":{"start":{"line":172,"column":22},"end":{"line":172,"column":33}},"72":{"start":{"line":174,"column":8},"end":{"line":177,"column":9}},"73":{"start":{"line":175,"column":10},"end":{"line":175,"column":41}},"74":{"start":{"line":176,"column":10},"end":{"line":176,"column":35}},"75":{"start":{"line":179,"column":8},"end":{"line":182,"column":10}},"76":{"start":{"line":186,"column":24},"end":{"line":186,"column":26}},"77":{"start":{"line":188,"column":6},"end":{"line":207,"column":7}},"78":{"start":{"line":189,"column":28},"end":{"line":192,"column":9}},"79":{"start":{"line":195,"column":8},"end":{"line":197,"column":9}},"80":{"start":{"line":196,"column":10},"end":{"line":196,"column":19}},"81":{"start":{"line":200,"column":8},"end":{"line":202,"column":9}},"82":{"start":{"line":201,"column":10},"end":{"line":201,"column":19}},"83":{"start":{"line":205,"column":25},"end":{"line":205,"column":59}},"84":{"start":{"line":206,"column":8},"end":{"line":206,"column":33}},"85":{"start":{"line":210,"column":6},"end":{"line":242,"column":7}},"86":{"start":{"line":212,"column":8},"end":{"line":214,"column":9}},"87":{"start":{"line":212,"column":36},"end":{"line":212,"column":57}},"88":{"start":{"line":213,"column":10},"end":{"line":213,"column":19}},"89":{"start":{"line":218,"column":27},"end":{"line":219,"column":86}},"90":{"start":{"line":220,"column":29},"end":{"line":220,"column":56}},"91":{"start":{"line":222,"column":23},"end":{"line":222,"column":51}},"92":{"start":{"line":223,"column":27},"end":{"line":223,"column":32}},"93":{"start":{"line":226,"column":8},"end":{"line":234,"column":9}},"94":{"start":{"line":226,"column":35},"end":{"line":226,"column":56}},"95":{"start":{"line":227,"column":10},"end":{"line":227,"column":30}},"96":{"start":{"line":228,"column":10},"end":{"line":228,"column":84}},"97":{"start":{"line":229,"column":10},"end":{"line":229,"column":34}},"98":{"start":{"line":232,"column":13},"end":{"line":234,"column":9}},"99":{"start":{"line":233,"column":10},"end":{"line":233,"column":30}},"100":{"start":{"line":237,"column":8},"end":{"line":241,"column":9}},"101":{"start":{"line":238,"column":10},"end":{"line":238,"column":40}},"102":{"start":{"line":239,"column":10},"end":{"line":239,"column":30}},"103":{"start":{"line":240,"column":10},"end":{"line":240,"column":47}},"104":{"start":{"line":246,"column":4},"end":{"line":249,"column":6}},"105":{"start":{"line":253,"column":0},"end":{"line":253,"column":42}}},"fnMap":{"0":{"name":"(anonymous_0)","decl":{"start":{"line":2,"column":2},"end":{"line":2,"column":3}},"loc":{"start":{"line":2,"column":39},"end":{"line":8,"column":3}},"line":2},"1":{"name":"(anonymous_1)","decl":{"start":{"line":11,"column":2},"end":{"line":11,"column":3}},"loc":{"start":{"line":11,"column":16},"end":{"line":13,"column":3}},"line":11},"2":{"name":"(anonymous_2)","decl":{"start":{"line":17,"column":2},"end":{"line":17,"column":3}},"loc":{"start":{"line":17,"column":16},"end":{"line":29,"column":3}},"line":17},"3":{"name":"(anonymous_3)","decl":{"start":{"line":32,"column":2},"end":{"line":32,"column":3}},"loc":{"start":{"line":32,"column":27},"end":{"line":34,"column":3}},"line":32},"4":{"name":"(anonymous_4)","decl":{"start":{"line":37,"column":2},"end":{"line":37,"column":3}},"loc":{"start":{"line":37,"column":42},"end":{"line":40,"column":3}},"line":37},"5":{"name":"(anonymous_5)","decl":{"start":{"line":43,"column":2},"end":{"line":43,"column":3}},"loc":{"start":{"line":43,"column":34},"end":{"line":50,"column":3}},"line":43},"6":{"name":"(anonymous_6)","decl":{"start":{"line":44,"column":26},"end":{"line":44,"column":27}},"loc":{"start":{"line":45,"column":6},"end":{"line":48,"column":59}},"line":45},"7":{"name":"(anonymous_7)","decl":{"start":{"line":53,"column":2},"end":{"line":53,"column":3}},"loc":{"start":{"line":53,"column":37},"end":{"line":86,"column":3}},"line":53},"8":{"name":"(anonymous_8)","decl":{"start":{"line":89,"column":2},"end":{"line":89,"column":3}},"loc":{"start":{"line":89,"column":61},"end":{"line":139,"column":3}},"line":89},"9":{"name":"(anonymous_9)","decl":{"start":{"line":142,"column":2},"end":{"line":142,"column":3}},"loc":{"start":{"line":142,"column":51},"end":{"line":250,"column":3}},"line":142},"10":{"name":"(anonymous_10)","decl":{"start":{"line":212,"column":28},"end":{"line":212,"column":29}},"loc":{"start":{"line":212,"column":36},"end":{"line":212,"column":57}},"line":212},"11":{"name":"(anonymous_11)","decl":{"start":{"line":226,"column":27},"end":{"line":226,"column":28}},"loc":{"start":{"line":226,"column":35},"end":{"line":226,"column":56}},"line":226}},"branchMap":{"0":{"loc":{"start":{"line":2,"column":24},"end":{"line":2,"column":37}},"type":"default-arg","locations":[{"start":{"line":2,"column":33},"end":{"line":2,"column":37}}],"line":2},"1":{"loc":{"start":{"line":12,"column":11},"end":{"line":12,"column":87}},"type":"binary-expr","locations":[{"start":{"line":12,"column":11},"end":{"line":12,"column":47}},{"start":{"line":12,"column":51},"end":{"line":12,"column":87}}],"line":12},"2":{"loc":{"start":{"line":38,"column":11},"end":{"line":39,"column":49}},"type":"binary-expr","locations":[{"start":{"line":38,"column":11},"end":{"line":38,"column":26}},{"start":{"line":38,"column":30},"end":{"line":38,"column":48}},{"start":{"line":39,"column":11},"end":{"line":39,"column":26}},{"start":{"line":39,"column":30},"end":{"line":39,"column":49}}],"line":38},"3":{"loc":{"start":{"line":45,"column":6},"end":{"line":48,"column":59}},"type":"binary-expr","locations":[{"start":{"line":45,"column":6},"end":{"line":45,"column":59}},{"start":{"line":46,"column":6},"end":{"line":46,"column":59}},{"start":{"line":47,"column":6},"end":{"line":47,"column":59}},{"start":{"line":48,"column":6},"end":{"line":48,"column":59}}],"line":45},"4":{"loc":{"start":{"line":62,"column":15},"end":{"line":62,"column":33}},"type":"cond-expr","locations":[{"start":{"line":62,"column":27},"end":{"line":62,"column":28}},{"start":{"line":62,"column":31},"end":{"line":62,"column":33}}],"line":62},"5":{"loc":{"start":{"line":63,"column":15},"end":{"line":63,"column":33}},"type":"cond-expr","locations":[{"start":{"line":63,"column":27},"end":{"line":63,"column":28}},{"start":{"line":63,"column":31},"end":{"line":63,"column":33}}],"line":63},"6":{"loc":{"start":{"line":68,"column":6},"end":{"line":70,"column":7}},"type":"if","locations":[{"start":{"line":68,"column":6},"end":{"line":70,"column":7}},{"start":{},"end":{}}],"line":68},"7":{"loc":{"start":{"line":72,"column":6},"end":{"line":72,"column":40}},"type":"if","locations":[{"start":{"line":72,"column":6},"end":{"line":72,"column":40}},{"start":{},"end":{}}],"line":72},"8":{"loc":{"start":{"line":72,"column":10},"end":{"line":72,"column":32}},"type":"binary-expr","locations":[{"start":{"line":72,"column":10},"end":{"line":72,"column":19}},{"start":{"line":72,"column":23},"end":{"line":72,"column":32}}],"line":72},"9":{"loc":{"start":{"line":75,"column":6},"end":{"line":78,"column":7}},"type":"if","locations":[{"start":{"line":75,"column":6},"end":{"line":78,"column":7}},{"start":{},"end":{}}],"line":75},"10":{"loc":{"start":{"line":79,"column":6},"end":{"line":82,"column":7}},"type":"if","locations":[{"start":{"line":79,"column":6},"end":{"line":82,"column":7}},{"start":{},"end":{}}],"line":79},"11":{"loc":{"start":{"line":89,"column":45},"end":{"line":89,"column":59}},"type":"default-arg","locations":[{"start":{"line":89,"column":57},"end":{"line":89,"column":59}}],"line":89},"12":{"loc":{"start":{"line":91,"column":4},"end":{"line":94,"column":5}},"type":"if","locations":[{"start":{"line":91,"column":4},"end":{"line":94,"column":5}},{"start":{},"end":{}}],"line":91},"13":{"loc":{"start":{"line":91,"column":8},"end":{"line":92,"column":56}},"type":"binary-expr","locations":[{"start":{"line":91,"column":8},"end":{"line":91,"column":58}},{"start":{"line":92,"column":8},"end":{"line":92,"column":56}}],"line":91},"14":{"loc":{"start":{"line":97,"column":4},"end":{"line":99,"column":5}},"type":"if","locations":[{"start":{"line":97,"column":4},"end":{"line":99,"column":5}},{"start":{},"end":{}}],"line":97},"15":{"loc":{"start":{"line":101,"column":4},"end":{"line":103,"column":5}},"type":"if","locations":[{"start":{"line":101,"column":4},"end":{"line":103,"column":5}},{"start":{},"end":{}}],"line":101},"16":{"loc":{"start":{"line":106,"column":4},"end":{"line":108,"column":5}},"type":"if","locations":[{"start":{"line":106,"column":4},"end":{"line":108,"column":5}},{"start":{},"end":{}}],"line":106},"17":{"loc":{"start":{"line":122,"column":8},"end":{"line":124,"column":9}},"type":"if","locations":[{"start":{"line":122,"column":8},"end":{"line":124,"column":9}},{"start":{},"end":{}}],"line":122},"18":{"loc":{"start":{"line":159,"column":8},"end":{"line":162,"column":9}},"type":"if","locations":[{"start":{"line":159,"column":8},"end":{"line":162,"column":9}},{"start":{},"end":{}}],"line":159},"19":{"loc":{"start":{"line":170,"column":6},"end":{"line":183,"column":7}},"type":"if","locations":[{"start":{"line":170,"column":6},"end":{"line":183,"column":7}},{"start":{},"end":{}}],"line":170},"20":{"loc":{"start":{"line":195,"column":8},"end":{"line":197,"column":9}},"type":"if","locations":[{"start":{"line":195,"column":8},"end":{"line":197,"column":9}},{"start":{},"end":{}}],"line":195},"21":{"loc":{"start":{"line":200,"column":8},"end":{"line":202,"column":9}},"type":"if","locations":[{"start":{"line":200,"column":8},"end":{"line":202,"column":9}},{"start":{},"end":{}}],"line":200},"22":{"loc":{"start":{"line":212,"column":8},"end":{"line":214,"column":9}},"type":"if","locations":[{"start":{"line":212,"column":8},"end":{"line":214,"column":9}},{"start":{},"end":{}}],"line":212},"23":{"loc":{"start":{"line":218,"column":27},"end":{"line":219,"column":86}},"type":"binary-expr","locations":[{"start":{"line":218,"column":27},"end":{"line":218,"column":87}},{"start":{"line":219,"column":26},"end":{"line":219,"column":86}}],"line":218},"24":{"loc":{"start":{"line":220,"column":29},"end":{"line":220,"column":56}},"type":"cond-expr","locations":[{"start":{"line":220,"column":42},"end":{"line":220,"column":52}},{"start":{"line":220,"column":55},"end":{"line":220,"column":56}}],"line":220},"25":{"loc":{"start":{"line":226,"column":8},"end":{"line":234,"column":9}},"type":"if","locations":[{"start":{"line":226,"column":8},"end":{"line":234,"column":9}},{"start":{"line":232,"column":13},"end":{"line":234,"column":9}}],"line":226},"26":{"loc":{"start":{"line":232,"column":13},"end":{"line":234,"column":9}},"type":"if","locations":[{"start":{"line":232,"column":13},"end":{"line":234,"column":9}},{"start":{},"end":{}}],"line":232},"27":{"loc":{"start":{"line":237,"column":8},"end":{"line":241,"column":9}},"type":"if","locations":[{"start":{"line":237,"column":8},"end":{"line":241,"column":9}},{"start":{},"end":{}}],"line":237}},"s":{"0":0,"1":0,"2":0,"3":0,"4":0,"5":0,"6":0,"7":0,"8":0,"9":0,"10":0,"11":0,"12":0,"13":0,"14":0,"15":0,"16":0,"17":0,"18":0,"19":0,"20":0,"21":0,"22":0,"23":0,"24":0,"25":0,"26":0,"27":0,"28":0,"29":0,"30":0,"31":0,"32":0,"33":0,"34":0,"35":0,"36":0,"37":0,"38":0,"39":0,"40":0,"41":0,"42":0,"43":0,"44":0,"45":0,"46":0,"47":0,"48":0,"49":0,"50":0,"51":0,"52":0,"53":0,"54":0,"55":0,"56":0,"57":0,"58":0,"59":0,"60":0,"61":0,"62":0,"63":0,"64":0,"65":0,"66":0,"67":0,"68":0,"69":0,"70":0,"71":0,"72":0,"73":0,"74":0,"75":0,"76":0,"77":0,"78":0,"79":0,"80":0,"81":0,"82":0,"83":0,"84":0,"85":0,"86":0,"87":0,"88":0,"89":0,"90":0,"91":0,"92":0,"93":0,"94":0,"95":0,"96":0,"97":0,"98":0,"99":0,"100":0,"101":0,"102":0,"103":0,"104":0,"105":0},"f":{"0":0,"1":0,"2":0,"3":0,"4":0,"5":0,"6":0,"7":0,"8":0,"9":0,"10":0,"11":0},"b":{"0":[0],"1":[0,0],"2":[0,0,0,0],"3":[0,0,0,0],"4":[0,0],"5":[0,0],"6":[0,0],"7":[0,0],"8":[0,0],"9":[0,0],"10":[0,0],"11":[0],"12":[0,0],"13":[0,0],"14":[0,0],"15":[0,0],"16":[0,0],"17":[0,0],"18":[0,0],"19":[0,0],"20":[0,0],"21":[0,0],"22":[0,0],"23":[0,0],"24":[0,0],"25":[0,0],"26":[0,0],"27":[0,0]}}
,"/home/djordan/www/tarefaProg2/src/services/routeService.js": {"path":"/home/djordan/www/tarefaProg2/src/services/routeService.js","statementMap":{"0":{"start":{"line":1,"column":18},"end":{"line":1,"column":38}},"1":{"start":{"line":3,"column":22},"end":{"line":9,"column":2}},"2":{"start":{"line":3,"column":34},"end":{"line":9,"column":1}},"3":{"start":{"line":11,"column":20},"end":{"line":21,"column":1}},"4":{"start":{"line":12,"column":16},"end":{"line":19,"column":4}},"5":{"start":{"line":20,"column":2},"end":{"line":20,"column":30}},"6":{"start":{"line":23,"column":17},"end":{"line":27,"column":1}},"7":{"start":{"line":24,"column":16},"end":{"line":24,"column":40}},"8":{"start":{"line":25,"column":2},"end":{"line":25,"column":26}},"9":{"start":{"line":25,"column":14},"end":{"line":25,"column":26}},"10":{"start":{"line":26,"column":2},"end":{"line":26,"column":30}},"11":{"start":{"line":29,"column":20},"end":{"line":34,"column":1}},"12":{"start":{"line":30,"column":16},"end":{"line":30,"column":40}},"13":{"start":{"line":31,"column":2},"end":{"line":31,"column":27}},"14":{"start":{"line":31,"column":14},"end":{"line":31,"column":27}},"15":{"start":{"line":32,"column":2},"end":{"line":32,"column":24}},"16":{"start":{"line":33,"column":2},"end":{"line":33,"column":14}},"17":{"start":{"line":36,"column":0},"end":{"line":40,"column":2}}},"fnMap":{"0":{"name":"(anonymous_0)","decl":{"start":{"line":3,"column":22},"end":{"line":3,"column":23}},"loc":{"start":{"line":3,"column":34},"end":{"line":9,"column":1}},"line":3},"1":{"name":"(anonymous_1)","decl":{"start":{"line":11,"column":20},"end":{"line":11,"column":21}},"loc":{"start":{"line":11,"column":63},"end":{"line":21,"column":1}},"line":11},"2":{"name":"(anonymous_2)","decl":{"start":{"line":23,"column":17},"end":{"line":23,"column":18}},"loc":{"start":{"line":23,"column":31},"end":{"line":27,"column":1}},"line":23},"3":{"name":"(anonymous_3)","decl":{"start":{"line":29,"column":20},"end":{"line":29,"column":21}},"loc":{"start":{"line":29,"column":34},"end":{"line":34,"column":1}},"line":29}},"branchMap":{"0":{"loc":{"start":{"line":25,"column":2},"end":{"line":25,"column":26}},"type":"if","locations":[{"start":{"line":25,"column":2},"end":{"line":25,"column":26}},{"start":{},"end":{}}],"line":25},"1":{"loc":{"start":{"line":31,"column":2},"end":{"line":31,"column":27}},"type":"if","locations":[{"start":{"line":31,"column":2},"end":{"line":31,"column":27}},{"start":{},"end":{}}],"line":31}},"s":{"0":0,"1":0,"2":0,"3":0,"4":0,"5":0,"6":0,"7":0,"8":0,"9":0,"10":0,"11":0,"12":0,"13":0,"14":0,"15":0,"16":0,"17":0},"f":{"0":0,"1":0,"2":0,"3":0},"b":{"0":[0,0],"1":[0,0]}}
,"/home/djordan/www/tarefaProg2/src/services/userService.js": {"path":"/home/djordan/www/tarefaProg2/src/services/userService.js","statementMap":{"0":{"start":{"line":1,"column":17},"end":{"line":1,"column":37}},"1":{"start":{"line":3,"column":21},"end":{"line":7,"column":2}},"2":{"start":{"line":3,"column":32},"end":{"line":7,"column":1}},"3":{"start":{"line":9,"column":19},"end":{"line":12,"column":1}},"4":{"start":{"line":10,"column":15},"end":{"line":10,"column":53}},"5":{"start":{"line":11,"column":2},"end":{"line":11,"column":28}},"6":{"start":{"line":14,"column":16},"end":{"line":18,"column":1}},"7":{"start":{"line":15,"column":15},"end":{"line":15,"column":38}},"8":{"start":{"line":16,"column":2},"end":{"line":16,"column":25}},"9":{"start":{"line":16,"column":13},"end":{"line":16,"column":25}},"10":{"start":{"line":17,"column":2},"end":{"line":17,"column":28}},"11":{"start":{"line":20,"column":19},"end":{"line":27,"column":1}},"12":{"start":{"line":21,"column":15},"end":{"line":21,"column":38}},"13":{"start":{"line":22,"column":2},"end":{"line":22,"column":25}},"14":{"start":{"line":22,"column":13},"end":{"line":22,"column":25}},"15":{"start":{"line":23,"column":2},"end":{"line":23,"column":55}},"16":{"start":{"line":23,"column":30},"end":{"line":23,"column":55}},"17":{"start":{"line":24,"column":2},"end":{"line":24,"column":46}},"18":{"start":{"line":24,"column":27},"end":{"line":24,"column":46}},"19":{"start":{"line":25,"column":2},"end":{"line":25,"column":20}},"20":{"start":{"line":26,"column":2},"end":{"line":26,"column":28}},"21":{"start":{"line":29,"column":19},"end":{"line":34,"column":1}},"22":{"start":{"line":30,"column":15},"end":{"line":30,"column":38}},"23":{"start":{"line":31,"column":2},"end":{"line":31,"column":26}},"24":{"start":{"line":31,"column":13},"end":{"line":31,"column":26}},"25":{"start":{"line":32,"column":2},"end":{"line":32,"column":23}},"26":{"start":{"line":33,"column":2},"end":{"line":33,"column":14}},"27":{"start":{"line":36,"column":0},"end":{"line":41,"column":2}}},"fnMap":{"0":{"name":"(anonymous_0)","decl":{"start":{"line":3,"column":21},"end":{"line":3,"column":22}},"loc":{"start":{"line":3,"column":32},"end":{"line":7,"column":1}},"line":3},"1":{"name":"(anonymous_1)","decl":{"start":{"line":9,"column":19},"end":{"line":9,"column":20}},"loc":{"start":{"line":9,"column":50},"end":{"line":12,"column":1}},"line":9},"2":{"name":"(anonymous_2)","decl":{"start":{"line":14,"column":16},"end":{"line":14,"column":17}},"loc":{"start":{"line":14,"column":30},"end":{"line":18,"column":1}},"line":14},"3":{"name":"(anonymous_3)","decl":{"start":{"line":20,"column":19},"end":{"line":20,"column":20}},"loc":{"start":{"line":20,"column":54},"end":{"line":27,"column":1}},"line":20},"4":{"name":"(anonymous_4)","decl":{"start":{"line":29,"column":19},"end":{"line":29,"column":20}},"loc":{"start":{"line":29,"column":33},"end":{"line":34,"column":1}},"line":29}},"branchMap":{"0":{"loc":{"start":{"line":16,"column":2},"end":{"line":16,"column":25}},"type":"if","locations":[{"start":{"line":16,"column":2},"end":{"line":16,"column":25}},{"start":{},"end":{}}],"line":16},"1":{"loc":{"start":{"line":22,"column":2},"end":{"line":22,"column":25}},"type":"if","locations":[{"start":{"line":22,"column":2},"end":{"line":22,"column":25}},{"start":{},"end":{}}],"line":22},"2":{"loc":{"start":{"line":23,"column":2},"end":{"line":23,"column":55}},"type":"if","locations":[{"start":{"line":23,"column":2},"end":{"line":23,"column":55}},{"start":{},"end":{}}],"line":23},"3":{"loc":{"start":{"line":24,"column":2},"end":{"line":24,"column":46}},"type":"if","locations":[{"start":{"line":24,"column":2},"end":{"line":24,"column":46}},{"start":{},"end":{}}],"line":24},"4":{"loc":{"start":{"line":31,"column":2},"end":{"line":31,"column":26}},"type":"if","locations":[{"start":{"line":31,"column":2},"end":{"line":31,"column":26}},{"start":{},"end":{}}],"line":31}},"s":{"0":1,"1":1,"2":3,"3":1,"4":1,"5":1,"6":1,"7":2,"8":2,"9":1,"10":1,"11":1,"12":2,"13":2,"14":1,"15":1,"16":1,"17":1,"18":1,"19":1,"20":1,"21":1,"22":2,"23":2,"24":1,"25":1,"26":1,"27":1},"f":{"0":3,"1":1,"2":2,"3":2,"4":2},"b":{"0":[1,1],"1":[1,1],"2":[1,0],"3":[1,0],"4":[1,1]},"_coverageSchema":"1a1c01bbd47fc00a2c39e90264f33305004495a9","hash":"25c97ef43e91fd1fb56f873d75a5b0ad4370b12e"}
,"/home/djordan/www/tarefaProg2/src/services/waypointService.js": {"path":"/home/djordan/www/tarefaProg2/src/services/waypointService.js","statementMap":{"0":{"start":{"line":1,"column":17},"end":{"line":1,"column":46}},"1":{"start":{"line":3,"column":25},"end":{"line":11,"column":2}},"2":{"start":{"line":3,"column":40},"end":{"line":11,"column":1}},"3":{"start":{"line":13,"column":23},"end":{"line":30,"column":1}},"4":{"start":{"line":15,"column":2},"end":{"line":15,"column":51}},"5":{"start":{"line":15,"column":14},"end":{"line":15,"column":51}},"6":{"start":{"line":16,"column":2},"end":{"line":16,"column":57}},"7":{"start":{"line":16,"column":17},"end":{"line":16,"column":57}},"8":{"start":{"line":17,"column":2},"end":{"line":17,"column":49}},"9":{"start":{"line":17,"column":13},"end":{"line":17,"column":49}},"10":{"start":{"line":20,"column":14},"end":{"line":20,"column":39}},"11":{"start":{"line":21,"column":2},"end":{"line":21,"column":45}},"12":{"start":{"line":21,"column":12},"end":{"line":21,"column":45}},"13":{"start":{"line":23,"column":19},"end":{"line":28,"column":4}},"14":{"start":{"line":29,"column":2},"end":{"line":29,"column":36}},"15":{"start":{"line":32,"column":20},"end":{"line":36,"column":1}},"16":{"start":{"line":33,"column":19},"end":{"line":33,"column":46}},"17":{"start":{"line":34,"column":2},"end":{"line":34,"column":29}},"18":{"start":{"line":34,"column":17},"end":{"line":34,"column":29}},"19":{"start":{"line":35,"column":2},"end":{"line":35,"column":36}},"20":{"start":{"line":38,"column":23},"end":{"line":48,"column":1}},"21":{"start":{"line":39,"column":19},"end":{"line":39,"column":46}},"22":{"start":{"line":40,"column":2},"end":{"line":40,"column":29}},"23":{"start":{"line":40,"column":17},"end":{"line":40,"column":29}},"24":{"start":{"line":41,"column":2},"end":{"line":44,"column":3}},"25":{"start":{"line":42,"column":4},"end":{"line":42,"column":36}},"26":{"start":{"line":43,"column":4},"end":{"line":43,"column":36}},"27":{"start":{"line":45,"column":2},"end":{"line":45,"column":47}},"28":{"start":{"line":45,"column":26},"end":{"line":45,"column":47}},"29":{"start":{"line":46,"column":2},"end":{"line":46,"column":24}},"30":{"start":{"line":47,"column":2},"end":{"line":47,"column":36}},"31":{"start":{"line":50,"column":23},"end":{"line":55,"column":1}},"32":{"start":{"line":51,"column":19},"end":{"line":51,"column":46}},"33":{"start":{"line":52,"column":2},"end":{"line":52,"column":30}},"34":{"start":{"line":52,"column":17},"end":{"line":52,"column":30}},"35":{"start":{"line":53,"column":2},"end":{"line":53,"column":27}},"36":{"start":{"line":54,"column":2},"end":{"line":54,"column":14}},"37":{"start":{"line":57,"column":0},"end":{"line":62,"column":2}}},"fnMap":{"0":{"name":"(anonymous_0)","decl":{"start":{"line":3,"column":25},"end":{"line":3,"column":26}},"loc":{"start":{"line":3,"column":40},"end":{"line":11,"column":1}},"line":3},"1":{"name":"(anonymous_1)","decl":{"start":{"line":13,"column":23},"end":{"line":13,"column":24}},"loc":{"start":{"line":13,"column":60},"end":{"line":30,"column":1}},"line":13},"2":{"name":"(anonymous_2)","decl":{"start":{"line":32,"column":20},"end":{"line":32,"column":21}},"loc":{"start":{"line":32,"column":34},"end":{"line":36,"column":1}},"line":32},"3":{"name":"(anonymous_3)","decl":{"start":{"line":38,"column":23},"end":{"line":38,"column":24}},"loc":{"start":{"line":38,"column":57},"end":{"line":48,"column":1}},"line":38},"4":{"name":"(anonymous_4)","decl":{"start":{"line":50,"column":23},"end":{"line":50,"column":24}},"loc":{"start":{"line":50,"column":37},"end":{"line":55,"column":1}},"line":50}},"branchMap":{"0":{"loc":{"start":{"line":15,"column":2},"end":{"line":15,"column":51}},"type":"if","locations":[{"start":{"line":15,"column":2},"end":{"line":15,"column":51}},{"start":{},"end":{}}],"line":15},"1":{"loc":{"start":{"line":16,"column":2},"end":{"line":16,"column":57}},"type":"if","locations":[{"start":{"line":16,"column":2},"end":{"line":16,"column":57}},{"start":{},"end":{}}],"line":16},"2":{"loc":{"start":{"line":17,"column":2},"end":{"line":17,"column":49}},"type":"if","locations":[{"start":{"line":17,"column":2},"end":{"line":17,"column":49}},{"start":{},"end":{}}],"line":17},"3":{"loc":{"start":{"line":21,"column":2},"end":{"line":21,"column":45}},"type":"if","locations":[{"start":{"line":21,"column":2},"end":{"line":21,"column":45}},{"start":{},"end":{}}],"line":21},"4":{"loc":{"start":{"line":34,"column":2},"end":{"line":34,"column":29}},"type":"if","locations":[{"start":{"line":34,"column":2},"end":{"line":34,"column":29}},{"start":{},"end":{}}],"line":34},"5":{"loc":{"start":{"line":40,"column":2},"end":{"line":40,"column":29}},"type":"if","locations":[{"start":{"line":40,"column":2},"end":{"line":40,"column":29}},{"start":{},"end":{}}],"line":40},"6":{"loc":{"start":{"line":41,"column":2},"end":{"line":44,"column":3}},"type":"if","locations":[{"start":{"line":41,"column":2},"end":{"line":44,"column":3}},{"start":{},"end":{}}],"line":41},"7":{"loc":{"start":{"line":45,"column":2},"end":{"line":45,"column":47}},"type":"if","locations":[{"start":{"line":45,"column":2},"end":{"line":45,"column":47}},{"start":{},"end":{}}],"line":45},"8":{"loc":{"start":{"line":52,"column":2},"end":{"line":52,"column":30}},"type":"if","locations":[{"start":{"line":52,"column":2},"end":{"line":52,"column":30}},{"start":{},"end":{}}],"line":52}},"s":{"0":0,"1":0,"2":0,"3":0,"4":0,"5":0,"6":0,"7":0,"8":0,"9":0,"10":0,"11":0,"12":0,"13":0,"14":0,"15":0,"16":0,"17":0,"18":0,"19":0,"20":0,"21":0,"22":0,"23":0,"24":0,"25":0,"26":0,"27":0,"28":0,"29":0,"30":0,"31":0,"32":0,"33":0,"34":0,"35":0,"36":0,"37":0},"f":{"0":0,"1":0,"2":0,"3":0,"4":0},"b":{"0":[0,0],"1":[0,0],"2":[0,0],"3":[0,0],"4":[0,0],"5":[0,0],"6":[0,0],"7":[0,0],"8":[0,0]}}
}
